{"numTotalTestSuites":2,"numPassedTestSuites":0,"numFailedTestSuites":2,"numPendingTestSuites":0,"numTotalTests":0,"numPassedTests":0,"numFailedTests":0,"numPendingTests":0,"numTodoTests":0,"snapshot":{"added":0,"failure":false,"filesAdded":0,"filesRemoved":0,"filesRemovedList":[],"filesUnmatched":0,"filesUpdated":0,"matched":0,"total":0,"unchecked":0,"uncheckedKeysByFile":[],"unmatched":0,"updated":0,"didUpdate":false},"startTime":1778856005933,"success":false,"testResults":[{"assertionResults":[],"startTime":1778856005933,"endTime":1778856005933,"status":"failed","message":"Cannot find module '/@id/C:/Users/Kazum/Desktop/programming/website/waitTimeCalculation/frontend/src/setupTests.ts'","name":"C:/Users/Kazum/Desktop/programming/website/waitTimeCalculation/frontend/src/test.test.ts"},{"assertionResults":[],"startTime":1778856005933,"endTime":1778856005933,"status":"failed","message":"Cannot find module '/@id/C:/Users/Kazum/Desktop/programming/website/waitTimeCalculation/frontend/src/setupTests.ts'","name":"C:/Users/Kazum/Desktop/programming/website/waitTimeCalculation/frontend/src/features/list/tests/lines.test.tsx"}]}