{"numTotalTestSuites":2,"numPassedTestSuites":1,"numFailedTestSuites":1,"numPendingTestSuites":0,"numTotalTests":2,"numPassedTests":1,"numFailedTests":1,"numPendingTests":0,"numTodoTests":0,"snapshot":{"added":0,"failure":false,"filesAdded":0,"filesRemoved":0,"filesRemovedList":[],"filesUnmatched":0,"filesUpdated":0,"matched":0,"total":0,"unchecked":0,"uncheckedKeysByFile":[],"unmatched":0,"updated":0,"didUpdate":false},"startTime":1778854044707,"success":false,"testResults":[{"assertionResults":[{"ancestorTitles":[],"fullName":"adds 1 + 2 to equal 3","status":"passed","title":"adds 1 + 2 to equal 3","duration":0.9372000000000185,"failureMessages":[],"meta":{},"tags":[]}],"startTime":1778854045208,"endTime":1778854045208.9373,"status":"passed","message":"","name":"C:/Users/Kazum/Desktop/programming/website/waitTimeCalculation/frontend/src/test.test.ts"},{"assertionResults":[{"ancestorTitles":[],"fullName":"タイトルが表示できる","status":"failed","title":"タイトルが表示できる","duration":2.24330000000009,"failureMessages":["ReferenceError: document is not defined\n    at render (C:\\Users\\Kazum\\Desktop\\programming\\website\\waitTimeCalculation\\frontend\\node_modules\\@testing-library\\react\\dist\\pure.js:256:5)\n    at C:/Users/Kazum/Desktop/programming/website/waitTimeCalculation/frontend/src/features/list/tests/list.test.tsx:6:3\n    at file:///C:/Users/Kazum/Desktop/programming/website/waitTimeCalculation/frontend/node_modules/@vitest/runner/dist/chunk-artifact.js:302:11\n    at file:///C:/Users/Kazum/Desktop/programming/website/waitTimeCalculation/frontend/node_modules/@vitest/runner/dist/chunk-artifact.js:1903:26\n    at file:///C:/Users/Kazum/Desktop/programming/website/waitTimeCalculation/frontend/node_modules/@vitest/runner/dist/chunk-artifact.js:2326:20\n    at new Promise (<anonymous>)\n    at runWithCancel (file:///C:/Users/Kazum/Desktop/programming/website/waitTimeCalculation/frontend/node_modules/@vitest/runner/dist/chunk-artifact.js:2323:10)\n    at file:///C:/Users/Kazum/Desktop/programming/website/waitTimeCalculation/frontend/node_modules/@vitest/runner/dist/chunk-artifact.js:2305:20\n    at new Promise (<anonymous>)\n    at runWithTimeout (file:///C:/Users/Kazum/Desktop/programming/website/waitTimeCalculation/frontend/node_modules/@vitest/runner/dist/chunk-artifact.js:2272:10)"],"meta":{},"tags":[]}],"startTime":1778854050696,"endTime":1778854050698.2434,"status":"failed","message":"","name":"C:/Users/Kazum/Desktop/programming/website/waitTimeCalculation/frontend/src/features/list/tests/list.test.tsx"}]}